<?xml version="1.0" encoding="UTF-8"?>
<testng-results ignored="0" total="1" passed="1" failed="0" skipped="0">
  <reporter-output>
    <line>
      <![CDATA[Browser is launched]]>
    </line>
    <line>
      <![CDATA[Products page is displayed]]>
    </line>
    <line>
      <![CDATA[User entered correct recipient name]]>
    </line>
    <line>
      <![CDATA[User entered correct recipient email]]>
    </line>
    <line>
      <![CDATA[User added a product to wish list button]]>
    </line>
  </reporter-output>
  <suite started-at="2024-03-12T23:55:45 IST" name="Default suite" finished-at="2024-03-12T23:55:56 IST" duration-ms="11175">
    <groups>
    </groups>
    <test started-at="2024-03-12T23:55:45 IST" name="Default test" finished-at="2024-03-12T23:55:56 IST" duration-ms="11175">
      <class name="AddToWishList">
        <test-method is-config="true" signature="launchBrowser(java.lang.String)[pri:0, instance:AddToWishList@5b247367]" started-at="2024-03-12T23:55:45 IST" name="launchBrowser" finished-at="2024-03-12T23:55:49 IST" duration-ms="4272" status="PASS">
          <params>
            <param index="0">
              <value>
                <![CDATA[chrome]]>
              </value>
            </param>
          </params>
          <reporter-output>
            <line>
              <![CDATA[Browser is launched]]>
            </line>
          </reporter-output>
        </test-method> <!-- launchBrowser -->
        <test-method is-config="true" signature="login()[pri:0, instance:AddToWishList@5b247367]" started-at="2024-03-12T23:55:49 IST" name="login" finished-at="2024-03-12T23:55:51 IST" duration-ms="1615" status="PASS">
          <reporter-output>
          </reporter-output>
        </test-method> <!-- login -->
        <test-method signature="addToWishList()[pri:0, instance:AddToWishList@5b247367]" started-at="2024-03-12T23:55:51 IST" name="addToWishList" finished-at="2024-03-12T23:55:55 IST" duration-ms="4071" status="PASS">
          <reporter-output>
            <line>
              <![CDATA[Products page is displayed]]>
            </line>
            <line>
              <![CDATA[User entered correct recipient name]]>
            </line>
            <line>
              <![CDATA[User entered correct recipient email]]>
            </line>
            <line>
              <![CDATA[User added a product to wish list button]]>
            </line>
          </reporter-output>
        </test-method> <!-- addToWishList -->
        <test-method is-config="true" signature="logout()[pri:0, instance:AddToWishList@5b247367]" started-at="2024-03-12T23:55:55 IST" name="logout" finished-at="2024-03-12T23:55:56 IST" duration-ms="852" status="PASS">
          <reporter-output>
          </reporter-output>
        </test-method> <!-- logout -->
        <test-method is-config="true" signature="quit()[pri:0, instance:AddToWishList@5b247367]" started-at="2024-03-12T23:55:56 IST" name="quit" finished-at="2024-03-12T23:55:56 IST" duration-ms="325" status="PASS">
          <reporter-output>
          </reporter-output>
        </test-method> <!-- quit -->
      </class> <!-- AddToWishList -->
    </test> <!-- Default test -->
  </suite> <!-- Default suite -->
</testng-results>
