<?xml version="1.0" encoding="UTF-8"?>
<testng-results ignored="0" total="1" passed="1" failed="0" skipped="0">
  <reporter-output>
    <line>
      <![CDATA[Browser is launched]]>
    </line>
    <line>
      <![CDATA[Products page is displayed]]>
    </line>
    <line>
      <![CDATA[User entered correct recipient name]]>
    </line>
    <line>
      <![CDATA[User entered correct recipient email]]>
    </line>
    <line>
      <![CDATA[User added a product to wish list button]]>
    </line>
  </reporter-output>
  <suite started-at="2024-03-13T01:05:30 IST" name="Surefire suite" finished-at="2024-03-13T01:05:42 IST" duration-ms="11147">
    <groups>
    </groups>
    <test started-at="2024-03-13T01:05:30 IST" name="Surefire test" finished-at="2024-03-13T01:05:42 IST" duration-ms="11147">
      <class name="TestAddToWishList">
        <test-method is-config="true" signature="launchBrowser(java.lang.String)[pri:0, instance:TestAddToWishList@5fbdfdcf]" started-at="2024-03-13T01:05:30 IST" name="launchBrowser" finished-at="2024-03-13T01:05:35 IST" duration-ms="4313" status="PASS">
          <params>
            <param index="0">
              <value>
                <![CDATA[chrome]]>
              </value>
            </param>
          </params>
          <reporter-output>
            <line>
              <![CDATA[Browser is launched]]>
            </line>
          </reporter-output>
        </test-method> <!-- launchBrowser -->
        <test-method is-config="true" signature="login()[pri:0, instance:TestAddToWishList@5fbdfdcf]" started-at="2024-03-13T01:05:35 IST" name="login" finished-at="2024-03-13T01:05:36 IST" duration-ms="1540" status="PASS">
          <reporter-output>
          </reporter-output>
        </test-method> <!-- login -->
        <test-method signature="addToWishList()[pri:0, instance:TestAddToWishList@5fbdfdcf]" started-at="2024-03-13T01:05:36 IST" name="addToWishList" finished-at="2024-03-13T01:05:40 IST" duration-ms="4101" status="PASS">
          <reporter-output>
            <line>
              <![CDATA[Products page is displayed]]>
            </line>
            <line>
              <![CDATA[User entered correct recipient name]]>
            </line>
            <line>
              <![CDATA[User entered correct recipient email]]>
            </line>
            <line>
              <![CDATA[User added a product to wish list button]]>
            </line>
          </reporter-output>
        </test-method> <!-- addToWishList -->
        <test-method is-config="true" signature="logout()[pri:0, instance:TestAddToWishList@5fbdfdcf]" started-at="2024-03-13T01:05:40 IST" name="logout" finished-at="2024-03-13T01:05:41 IST" duration-ms="838" status="PASS">
          <reporter-output>
          </reporter-output>
        </test-method> <!-- logout -->
        <test-method is-config="true" signature="quit()[pri:0, instance:TestAddToWishList@5fbdfdcf]" started-at="2024-03-13T01:05:41 IST" name="quit" finished-at="2024-03-13T01:05:42 IST" duration-ms="313" status="PASS">
          <reporter-output>
          </reporter-output>
        </test-method> <!-- quit -->
      </class> <!-- TestAddToWishList -->
    </test> <!-- Surefire test -->
  </suite> <!-- Surefire suite -->
</testng-results>
